<?xml version="1.0" encoding="UTF-8"?>

<mule xmlns:xsi="http://www.w3.org/2001/XMLSchema-instance"
	xmlns:munit="http://www.mulesoft.org/schema/mule/munit" xmlns:munit-tools="http://www.mulesoft.org/schema/mule/munit-tools"
	xmlns="http://www.mulesoft.org/schema/mule/core" xmlns:doc="http://www.mulesoft.org/schema/mule/documentation"
	xsi:schemaLocation="
		http://www.mulesoft.org/schema/mule/core http://www.mulesoft.org/schema/mule/core/current/mule.xsd
		http://www.mulesoft.org/schema/mule/munit http://www.mulesoft.org/schema/mule/munit/current/mule-munit.xsd
		http://www.mulesoft.org/schema/mule/munit-tools  http://www.mulesoft.org/schema/mule/munit-tools/current/mule-munit-tools.xsd">
	<munit:config name="test-recorder-demo-suite.xml" />
	<munit:test name="test-recorder-demoFlow-test" doc:id="88722e1e-9a00-4df3-b084-7ea09501f4ad" >
		<munit:behavior >
			<munit:set-event doc:name="Set Input" doc:id="15e6386b-5a44-4cb3-847c-e8b5f2801c51" >
				<munit:payload value="#[readUrl('classpath://testrecorderdemoFlowtest\set-event_payload.dwl')]" encoding="UTF-8" />
				<munit:attributes value="#[readUrl('classpath://testrecorderdemoFlowtest\set-event_attributes.dwl')]" />
			</munit:set-event>
		</munit:behavior>
		<munit:execution >
			<flow-ref doc:name="Flow-ref to test-recorder-demoFlow" doc:id="d6dcd5eb-b2d3-4e51-a489-ce5595c9a997" name="test-recorder-demoFlow"/>
		</munit:execution>
		<munit:validation >
			<munit-tools:assert doc:name="Assert payload" doc:id="257ebbe9-0089-44ec-b79e-ccc05dc5c59e" message="The payload does not match">
				<munit-tools:that ><![CDATA[#[%dw 2.0
import testrecorderdemoFlowtest::assert_expression_payload
---
assert_expression_payload::main({payload: payload, attributes: attributes, vars: vars})]]]></munit-tools:that>
			</munit-tools:assert>
		</munit:validation>
	</munit:test>
	<munit:test name="test-recorder-demoFlow-test2" doc:id="3bc0f266-2d32-45d8-bd08-6bc00195460c" >
		<munit:behavior >
			<munit:set-event doc:name="Set Input" doc:id="8b7cf63a-99fb-40cc-b9b7-46f41dade208" >
				<munit:payload value="#[readUrl('classpath://testrecorderdemoFlowtest2\set-event_payload.dwl')]" encoding="UTF-8" />
				<munit:attributes value="#[readUrl('classpath://testrecorderdemoFlowtest2\set-event_attributes.dwl')]" />
			</munit:set-event>
		</munit:behavior>
		<munit:execution >
			<flow-ref doc:name="Flow-ref to test-recorder-demoFlow" doc:id="f404f1f8-f76f-4581-9425-aa1c93edd208" name="test-recorder-demoFlow"/>
		</munit:execution>
		<munit:validation >
			<munit-tools:assert doc:name="Assert payload" doc:id="e45ee7ca-81b3-4192-b3ee-aaa93c8fac49" message="The payload does not match">
				<munit-tools:that ><![CDATA[#[%dw 2.0
import testrecorderdemoFlowtest2::assert_expression_payload
---
assert_expression_payload::main({payload: payload, attributes: attributes, vars: vars})]]]></munit-tools:that>
			</munit-tools:assert>
		</munit:validation>
	</munit:test>


</mule>
